
        ==========     _____ _    _ ____  _____  ______          _____  
        =====         / ____| |  | |  _ \|  __ \|  ____|   /\   |  __ \ 
          =====      | (___ | |  | | |_) | |__) | |__     /  \  | |  | |
            ====      \___ \| |  | |  _ <|  _  /|  __|   / /\ \ | |  | |
              ====    ____) | |__| | |_) | | \ \| |____ / ____ \| |__| |
        ==========   |_____/ \____/|____/|_|  \_\______/_/    \_\_____/
	  v2.0.6

//========================== featureCounts setting ===========================\\
||                                                                            ||
||             Input files : 1 BAM file                                       ||
||                                                                            ||
||                           SRR4420293.sorted.bam                            ||
||                                                                            ||
||             Output file : SRR4420293.sorted_counts.txt                     ||
||                 Summary : SRR4420293.sorted_counts.txt.summary             ||
||              Paired-end : yes                                              ||
||        Count read pairs : no                                               ||
||              Annotation : genomic.gtf (GTF)                                ||
||      Dir for temp files : ./featurecounts_results                          ||
||                                                                            ||
||                 Threads : 4                                                ||
||                   Level : meta-feature level                               ||
||      Multimapping reads : not counted                                      ||
|| Multi-overlapping reads : not counted                                      ||
||   Min overlapping bases : 1                                                ||
||                                                                            ||
\\============================================================================//

//================================= Running ==================================\\
||                                                                            ||
|| Load annotation file genomic.gtf ...                                       ||
||    Features : 324818                                                       ||
||    Meta-features : 38295                                                   ||
||    Chromosomes/contigs : 7                                                 ||
||                                                                            ||
|| Process BAM file SRR4420293.sorted.bam...                                  ||
||    Paired-end reads are included.                                          ||
||    The reads are assigned on the single-end mode.                          ||
||    Total alignments : 51408705                                             ||
||    Successfully assigned alignments : 12394494 (24.1%)                     ||
||    Running time : 6.53 minutes                                             ||
||                                                                            ||
|| Write the final count table.                                               ||
|| Write the read assignment summary.                                         ||
||                                                                            ||
|| Summary of counting results can be found in file "./featurecounts_results  ||
|| /SRR4420293.sorted_counts.txt.summary"                                     ||
||                                                                            ||
\\============================================================================//

